  WaypointManager.cpp
  Waypoint.cpp
  tinyxmlparser.cpp
  tinyxmlerror.cpp
  tinyxml.cpp
  tinystr.cpp
  Texture2D.cpp
  TankManager.cpp
c:\users\ben\desktop\gameai\gameai\tankmanager.cpp(174): warning C4800: 'int': forcing value to bool 'true' or 'false' (performance warning)
c:\users\ben\desktop\gameai\gameai\tankmanager.cpp(175): warning C4800: 'int': forcing value to bool 'true' or 'false' (performance warning)
  Source.cpp
  ProjectileManager.cpp
  Projectile.cpp
  PickUpManager.cpp
  ObstacleManager.cpp
  LevelMap.cpp
  GameScreenManager.cpp
  GameScreenLevel1.cpp
  GameScreen.cpp
  GameObject.cpp
  DumbTank.cpp
  ControlledTank.cpp
  Generating Code...
  Compiling...
  Collisions.cpp
  G012188eTank.cpp
  G012188eSteeringBehaviours.cpp
c:\users\ben\desktop\gameai\gameai\bengowans\g012188esteeringbehaviours.cpp(183): warning C4244: 'initializing': conversion from 'double' to 'float', possible loss of data
c:\users\ben\desktop\gameai\gameai\bengowans\g012188esteeringbehaviours.cpp(212): warning C4018: '<': signed/unsigned mismatch
c:\users\ben\desktop\gameai\gameai\bengowans\g012188esteeringbehaviours.cpp(233): warning C4018: '<': signed/unsigned mismatch
c:\users\ben\desktop\gameai\gameai\bengowans\g012188esteeringbehaviours.cpp(277): warning C4244: 'argument': conversion from 'float' to 'int', possible loss of data
c:\users\ben\desktop\gameai\gameai\bengowans\g012188esteeringbehaviours.cpp(282): warning C4244: '+=': conversion from 'double' to 'float', possible loss of data
c:\users\ben\desktop\gameai\gameai\bengowans\g012188esteeringbehaviours.cpp(387): warning C4244: 'initializing': conversion from 'double' to 'int', possible loss of data
  G012188ePathFinding.cpp
c:\users\ben\desktop\gameai\gameai\bengowans\g012188epathfinding.cpp(114): warning C4018: '<': signed/unsigned mismatch
c:\users\ben\desktop\gameai\gameai\bengowans\g012188epathfinding.cpp(134): warning C4018: '<': signed/unsigned mismatch
c:\users\ben\desktop\gameai\gameai\bengowans\g012188epathfinding.cpp(175): warning C4018: '<': signed/unsigned mismatch
c:\users\ben\desktop\gameai\gameai\bengowans\g012188epathfinding.cpp(220): warning C4244: 'initializing': conversion from 'double' to 'int', possible loss of data
c:\users\ben\desktop\gameai\gameai\bengowans\g012188epathfinding.cpp(221): warning C4244: 'initializing': conversion from 'double' to 'int', possible loss of data
  BaseTank.cpp
c:\users\ben\desktop\gameai\gameai\basetank.cpp(872): warning C4244: 'argument': conversion from 'double' to 'float', possible loss of data
  Generating Code...
c:\users\ben\desktop\gameai\gameai\bengowans\g012188epathfinding.cpp(214): warning C4715: 'G012188ePathFinding::A_Star': not all control paths return a value
c:\users\ben\desktop\gameai\gameai\bengowans\g012188esteeringbehaviours.cpp(123): warning C4715: 'SteeringBehaviours::GetState': not all control paths return a value
  GameAI.vcxproj -> C:\Users\Ben\Desktop\GameAI\Debug\GameAI.exe
  GameAI.vcxproj -> C:\Users\Ben\Desktop\GameAI\Debug\GameAI.pdb (Full PDB)
